<?xml version="1.0" encoding="UTF-8"?>
<testsuite name="com.reactivespring.controller.ReviewControllerUnitTest" tests="1" skipped="0" failures="0" errors="0" timestamp="2021-11-22T03:41:11" hostname="Vishals-MacBook-Air.local" time="0.403">
  <properties/>
  <testcase name="getReviews()" classname="com.reactivespring.controller.ReviewControllerUnitTest" time="0.403"/>
  <system-out><![CDATA[22:41:06.820 [Test worker] DEBUG org.springframework.test.context.BootstrapUtils - Instantiating CacheAwareContextLoaderDelegate from class [org.springframework.test.context.cache.DefaultCacheAwareContextLoaderDelegate]
22:41:06.833 [Test worker] DEBUG org.springframework.test.context.BootstrapUtils - Instantiating BootstrapContext using constructor [public org.springframework.test.context.support.DefaultBootstrapContext(java.lang.Class,org.springframework.test.context.CacheAwareContextLoaderDelegate)]
22:41:06.932 [Test worker] DEBUG org.springframework.test.context.BootstrapUtils - Instantiating TestContextBootstrapper for test class [com.reactivespring.controller.ReviewControllerUnitTest] from class [org.springframework.boot.test.autoconfigure.web.reactive.WebFluxTestContextBootstrapper]
22:41:06.955 [Test worker] INFO org.springframework.boot.test.autoconfigure.web.reactive.WebFluxTestContextBootstrapper - Neither @ContextConfiguration nor @ContextHierarchy found for test class [com.reactivespring.controller.ReviewControllerUnitTest], using SpringBootContextLoader
22:41:06.966 [Test worker] DEBUG org.springframework.test.context.support.AbstractContextLoader - Did not detect default resource location for test class [com.reactivespring.controller.ReviewControllerUnitTest]: class path resource [com/reactivespring/controller/ReviewControllerUnitTest-context.xml] does not exist
22:41:06.967 [Test worker] DEBUG org.springframework.test.context.support.AbstractContextLoader - Did not detect default resource location for test class [com.reactivespring.controller.ReviewControllerUnitTest]: class path resource [com/reactivespring/controller/ReviewControllerUnitTestContext.groovy] does not exist
22:41:06.968 [Test worker] INFO org.springframework.test.context.support.AbstractContextLoader - Could not detect default resource locations for test class [com.reactivespring.controller.ReviewControllerUnitTest]: no resource found for suffixes {-context.xml, Context.groovy}.
22:41:06.969 [Test worker] INFO org.springframework.test.context.support.AnnotationConfigContextLoaderUtils - Could not detect default configuration classes for test class [com.reactivespring.controller.ReviewControllerUnitTest]: ReviewControllerUnitTest does not declare any static, non-private, non-final, nested classes annotated with @Configuration.
22:41:07.117 [Test worker] DEBUG org.springframework.test.context.support.ActiveProfilesUtils - Could not find an 'annotation declaring class' for annotation type [org.springframework.test.context.ActiveProfiles] and class [com.reactivespring.controller.ReviewControllerUnitTest]
22:41:07.243 [Test worker] DEBUG org.springframework.context.annotation.ClassPathScanningCandidateComponentProvider - Identified candidate component class: file [/Users/vishalbhardwaj/Development/reactivespring-1/movies-review-service/build/classes/java/main/com/reactivespring/MoviesReviewServiceApplication.class]
22:41:07.247 [Test worker] INFO org.springframework.boot.test.context.SpringBootTestContextBootstrapper - Found @SpringBootConfiguration com.reactivespring.MoviesReviewServiceApplication for test class com.reactivespring.controller.ReviewControllerUnitTest
22:41:07.263 [Test worker] DEBUG org.springframework.boot.test.autoconfigure.web.reactive.WebFluxTestContextBootstrapper - @TestExecutionListeners is not present for class [com.reactivespring.controller.ReviewControllerUnitTest]: using defaults.
22:41:07.264 [Test worker] INFO org.springframework.boot.test.autoconfigure.web.reactive.WebFluxTestContextBootstrapper - Loaded default TestExecutionListener class names from location [META-INF/spring.factories]: [org.springframework.boot.test.autoconfigure.restdocs.RestDocsTestExecutionListener, org.springframework.boot.test.autoconfigure.web.client.MockRestServiceServerResetTestExecutionListener, org.springframework.boot.test.autoconfigure.web.servlet.MockMvcPrintOnlyOnFailureTestExecutionListener, org.springframework.boot.test.autoconfigure.web.servlet.WebDriverTestExecutionListener, org.springframework.boot.test.autoconfigure.webservices.client.MockWebServiceServerTestExecutionListener, org.springframework.boot.test.mock.mockito.MockitoTestExecutionListener, org.springframework.boot.test.mock.mockito.ResetMocksTestExecutionListener, org.springframework.test.context.web.ServletTestExecutionListener, org.springframework.test.context.support.DirtiesContextBeforeModesTestExecutionListener, org.springframework.test.context.event.ApplicationEventsTestExecutionListener, org.springframework.test.context.support.DependencyInjectionTestExecutionListener, org.springframework.test.context.support.DirtiesContextTestExecutionListener, org.springframework.test.context.transaction.TransactionalTestExecutionListener, org.springframework.test.context.jdbc.SqlScriptsTestExecutionListener, org.springframework.test.context.event.EventPublishingTestExecutionListener]
22:41:07.271 [Test worker] DEBUG org.springframework.boot.test.autoconfigure.web.reactive.WebFluxTestContextBootstrapper - Skipping candidate TestExecutionListener [org.springframework.test.context.web.ServletTestExecutionListener] due to a missing dependency. Specify custom listener classes or make the default listener classes and their required dependencies available. Offending class: [javax/servlet/ServletContext]
22:41:07.279 [Test worker] INFO org.springframework.boot.test.autoconfigure.web.reactive.WebFluxTestContextBootstrapper - Using TestExecutionListeners: [org.springframework.test.context.support.DirtiesContextBeforeModesTestExecutionListener@3ebe96e4, org.springframework.test.context.event.ApplicationEventsTestExecutionListener@618dbf1d, org.springframework.boot.test.mock.mockito.MockitoTestExecutionListener@cc7bd08, org.springframework.boot.test.autoconfigure.SpringBootDependencyInjectionTestExecutionListener@3d99de79, org.springframework.test.context.support.DirtiesContextTestExecutionListener@77da7698, org.springframework.test.context.transaction.TransactionalTestExecutionListener@7b234a29, org.springframework.test.context.jdbc.SqlScriptsTestExecutionListener@4a3d97b8, org.springframework.test.context.event.EventPublishingTestExecutionListener@3924e290, org.springframework.boot.test.autoconfigure.restdocs.RestDocsTestExecutionListener@1d6e3d9a, org.springframework.boot.test.autoconfigure.web.client.MockRestServiceServerResetTestExecutionListener@7c7d4e1c, org.springframework.boot.test.autoconfigure.web.servlet.MockMvcPrintOnlyOnFailureTestExecutionListener@5a5b967c, org.springframework.boot.test.autoconfigure.web.servlet.WebDriverTestExecutionListener@4475dfc5, org.springframework.boot.test.autoconfigure.webservices.client.MockWebServiceServerTestExecutionListener@289ba83c, org.springframework.boot.test.mock.mockito.ResetMocksTestExecutionListener@3e001e9d]
22:41:07.285 [Test worker] DEBUG org.springframework.test.context.support.AbstractDirtiesContextTestExecutionListener - Before test class: context [DefaultTestContext@318a1b46 testClass = ReviewControllerUnitTest, testInstance = [null], testMethod = [null], testException = [null], mergedContextConfiguration = [ReactiveWebMergedContextConfiguration@71f97dc4 testClass = ReviewControllerUnitTest, locations = '{}', classes = '{class com.reactivespring.MoviesReviewServiceApplication}', contextInitializerClasses = '[]', activeProfiles = '{}', propertySourceLocations = '{}', propertySourceProperties = '{org.springframework.boot.test.autoconfigure.web.reactive.WebFluxTestContextBootstrapper=true}', contextCustomizers = set[org.springframework.boot.test.autoconfigure.OverrideAutoConfigurationContextCustomizerFactory$DisableAutoConfigurationContextCustomizer@2def5e1c, org.springframework.boot.test.autoconfigure.actuate.metrics.MetricsExportContextCustomizerFactory$DisableMetricExportContextCustomizer@772d5316, org.springframework.boot.test.autoconfigure.filter.TypeExcludeFiltersContextCustomizer@6448c84e, org.springframework.boot.test.autoconfigure.properties.PropertyMappingContextCustomizer@7b2b6a6c, org.springframework.boot.test.autoconfigure.web.servlet.WebDriverContextCustomizerFactory$Customizer@191033f1, [ImportsContextCustomizer@ffb3707 key = [org.springframework.boot.autoconfigure.security.oauth2.client.reactive.ReactiveOAuth2ClientAutoConfiguration, org.springframework.boot.autoconfigure.security.oauth2.resource.reactive.ReactiveOAuth2ResourceServerAutoConfiguration, org.springframework.boot.autoconfigure.security.reactive.ReactiveSecurityAutoConfiguration, org.springframework.boot.autoconfigure.security.reactive.ReactiveUserDetailsServiceAutoConfiguration, org.springframework.boot.test.autoconfigure.web.reactive.WebTestClientAutoConfiguration, org.springframework.boot.autoconfigure.cache.CacheAutoConfiguration, org.springframework.boot.autoconfigure.gson.GsonAutoConfiguration, org.springframework.boot.autoconfigure.jackson.JacksonAutoConfiguration, org.springframework.boot.autoconfigure.jsonb.JsonbAutoConfiguration, org.springframework.boot.autoconfigure.context.MessageSourceAutoConfiguration, org.springframework.boot.autoconfigure.freemarker.FreeMarkerAutoConfiguration, org.springframework.boot.autoconfigure.http.codec.CodecsAutoConfiguration, org.springframework.boot.autoconfigure.mustache.MustacheAutoConfiguration, org.springframework.boot.autoconfigure.thymeleaf.ThymeleafAutoConfiguration, org.springframework.boot.autoconfigure.validation.ValidationAutoConfiguration, org.springframework.boot.autoconfigure.web.reactive.WebFluxAutoConfiguration, org.springframework.boot.autoconfigure.web.reactive.error.ErrorWebFluxAutoConfiguration]], org.springframework.boot.test.context.filter.ExcludeFilterContextCustomizer@3131c301, org.springframework.boot.test.json.DuplicateJsonObjectContextCustomizerFactory$DuplicateJsonObjectContextCustomizer@1ccd2c12, org.springframework.boot.test.mock.mockito.MockitoContextCustomizer@7af50f7f, org.springframework.boot.test.context.SpringBootTestArgs@1, org.springframework.boot.test.context.SpringBootTestWebEnvironment@0], contextLoader = 'org.springframework.boot.test.context.SpringBootContextLoader', parent = [null]], attributes = map[[empty]]], class annotated with @DirtiesContext [false] with mode [null].
22:41:07.373 [Test worker] DEBUG org.springframework.test.context.support.TestPropertySourceUtils - Adding inlined properties to environment: {spring.jmx.enabled=false, org.springframework.boot.test.autoconfigure.web.reactive.WebFluxTestContextBootstrapper=true}

  .   ____          _            __ _ _
 /\\ / ___'_ __ _ _(_)_ __  __ _ \ \ \ \
( ( )\___ | '_ | '_| | '_ \/ _` | \ \ \ \
 \\/  ___)| |_)| | | | | || (_| |  ) ) ) )
  '  |____| .__|_| |_|_| |_\__, | / / / /
 =========|_|==============|___/=/_/_/_/
 :: Spring Boot ::                (v2.5.3)

2021-11-21 22:41:08.168  INFO 4657 --- [    Test worker] c.r.controller.ReviewControllerUnitTest  : Starting ReviewControllerUnitTest using Java 11.0.13 on Vishals-MacBook-Air.local with PID 4657 (started by vishalbhardwaj in /Users/vishalbhardwaj/Development/reactivespring-1/movies-review-service)
2021-11-21 22:41:08.177  INFO 4657 --- [    Test worker] c.r.controller.ReviewControllerUnitTest  : No active profile set, falling back to default profiles: default
2021-11-21 22:41:11.498  INFO 4657 --- [    Test worker] c.r.controller.ReviewControllerUnitTest  : Started ReviewControllerUnitTest in 4.108 seconds (JVM running for 6.491)
]]></system-out>
  <system-err><![CDATA[]]></system-err>
</testsuite>
